-------------------------------------------------------------------------------
Test set: com.ecommerce.controller.OrderControllerIntegrationTest$CreateOrderTests
-------------------------------------------------------------------------------
Tests run: 5, Failures: 1, Errors: 0, Skipped: 0, Time elapsed: 0.065 s <<< FAILURE! -- in com.ecommerce.controller.OrderControllerIntegrationTest$CreateOrderTests
com.ecommerce.controller.OrderControllerIntegrationTest$CreateOrderTests.shouldReturn400WhenInsufficientStock -- Time elapsed: 0.016 s <<< FAILURE!
java.lang.AssertionError: 
JSON path "$.message"
Expected: a string containing "庫存不足"
     but: was "輸入資料驗證失敗"
	at org.hamcrest.MatcherAssert.assertThat(MatcherAssert.java:20)
	at org.springframework.test.util.JsonPathExpectationsHelper.assertValue(JsonPathExpectationsHelper.java:74)
	at org.springframework.test.web.servlet.result.JsonPathResultMatchers.lambda$value$0(JsonPathResultMatchers.java:87)
	at org.springframework.test.web.servlet.MockMvc$1.andExpect(MockMvc.java:214)
	at com.ecommerce.controller.OrderControllerIntegrationTest$CreateOrderTests.shouldReturn400WhenInsufficientStock(OrderControllerIntegrationTest.java:190)
	at java.base/java.lang.reflect.Method.invoke(Method.java:569)
	at java.base/java.util.ArrayList.forEach(ArrayList.java:1511)
	at java.base/java.util.ArrayList.forEach(ArrayList.java:1511)
	at java.base/java.util.ArrayList.forEach(ArrayList.java:1511)

