<?xml version="1.0" encoding="UTF-8"?>
<testsuite xmlns:xsi="http://www.w3.org/2001/XMLSchema-instance" xsi:noNamespaceSchemaLocation="https://maven.apache.org/surefire/maven-surefire-plugin/xsd/surefire-test-report-3.0.xsd" version="3.0" name="com.ecommerce.repository.ProductRepositoryTest$CrudOperationTests" time="2.113" tests="4" errors="0" skipped="0" failures="0">
  <properties>
[...]
</properties>
  <testcase name="findById_WhenExists_ShouldReturnProduct" classname="com.ecommerce.repository.ProductRepositoryTest$CrudOperationTests" time="0.357">
    <system-out><![CDATA[08:55:25.147 [main] INFO org.springframework.test.context.support.AnnotationConfigContextLoaderUtils -- Could not detect default configuration classes for test class [com.ecommerce.repository.ProductRepositoryTest]: ProductRepositoryTest does not declare any static, non-private, non-final, nested classes annotated with @Configuration.
08:55:25.197 [main] INFO org.springframework.boot.test.context.SpringBootTestContextBootstrapper -- Found @SpringBootConfiguration com.ecommerce.ECommerceApplication for test class com.ecommerce.repository.ProductRepositoryTest
08:55:25.208 [main] INFO org.springframework.test.context.support.AnnotationConfigContextLoaderUtils -- Could not detect default configuration classes for test class [com.ecommerce.repository.ProductRepositoryTest$CrudOperationTests]: CrudOperationTests does not declare any static, non-private, non-final, nested classes annotated with @Configuration.
08:55:25.213 [main] INFO org.springframework.boot.test.context.SpringBootTestContextBootstrapper -- Found @SpringBootConfiguration com.ecommerce.ECommerceApplication for test class com.ecommerce.repository.ProductRepositoryTest$CrudOperationTests

  .   ____          _            __ _ _
 /\\ / ___'_ __ _ _(_)_ __  __ _ \ \ \ \
( ( )\___ | '_ | '_| | '_ \/ _` | \ \ \ \
 \\/  ___)| |_)| | | | | || (_| |  ) ) ) )
  '  |____| .__|_| |_|_| |_\__, | / / / /
 =========|_|==============|___/=/_/_/_/
 :: Spring Boot ::                (v3.2.0)

2026-01-17T08:55:25.921+08:00  INFO 48254 --- [ecommerce-demo] [           main] o.hibernate.jpa.internal.util.LogHelper  : HHH000204: Processing PersistenceUnitInfo [name: default]
2026-01-17T08:55:25.946+08:00  INFO 48254 --- [ecommerce-demo] [           main] org.hibernate.Version                    : HHH000412: Hibernate ORM core version 6.3.1.Final
2026-01-17T08:55:25.960+08:00  INFO 48254 --- [ecommerce-demo] [           main] o.h.c.internal.RegionFactoryInitiator    : HHH000026: Second-level cache disabled
2026-01-17T08:55:26.085+08:00  WARN 48254 --- [ecommerce-demo] [           main] org.hibernate.orm.deprecation            : HHH90000025: H2Dialect does not need to be specified explicitly using 'hibernate.dialect' (remove the property setting and it will be selected by default)
2026-01-17T08:55:26.562+08:00  INFO 48254 --- [ecommerce-demo] [           main] o.h.e.t.j.p.i.JtaPlatformInitiator       : HHH000489: No JTA platform available (set 'hibernate.transaction.jta.platform' to enable JTA platform integration)
2026-01-17T08:55:26.568+08:00 DEBUG 48254 --- [ecommerce-demo] [           main] org.hibernate.SQL                        : 
    drop table if exists categories cascade 
Hibernate: 
    drop table if exists categories cascade 
2026-01-17T08:55:26.569+08:00 DEBUG 48254 --- [ecommerce-demo] [           main] org.hibernate.SQL                        : 
    drop table if exists order_items cascade 
Hibernate: 
    drop table if exists order_items cascade 
2026-01-17T08:55:26.570+08:00 DEBUG 48254 --- [ecommerce-demo] [           main] org.hibernate.SQL                        : 
    drop table if exists orders cascade 
Hibernate: 
    drop table if exists orders cascade 
2026-01-17T08:55:26.570+08:00 DEBUG 48254 --- [ecommerce-demo] [           main] org.hibernate.SQL                        : 
    drop table if exists products cascade 
Hibernate: 
    drop table if exists products cascade 
2026-01-17T08:55:26.572+08:00 DEBUG 48254 --- [ecommerce-demo] [           main] org.hibernate.SQL                        : 
    create table categories (
        created_at timestamp(6),
        id bigint generated by default as identity,
        updated_at timestamp(6),
        name varchar(100) not null,
        description varchar(500),
        primary key (id),
        constraint uk_category_name unique (name)
    )
Hibernate: 
    create table categories (
        created_at timestamp(6),
        id bigint generated by default as identity,
        updated_at timestamp(6),
        name varchar(100) not null,
        description varchar(500),
        primary key (id),
        constraint uk_category_name unique (name)
    )
2026-01-17T08:55:26.576+08:00 DEBUG 48254 --- [ecommerce-demo] [           main] org.hibernate.SQL                        : 
    create table order_items (
        quantity integer not null,
        unit_price numeric(10,2) not null,
        created_at timestamp(6),
        id bigint generated by default as identity,
        order_id bigint not null,
        product_id bigint not null,
        updated_at timestamp(6),
        product_name varchar(200) not null,
        primary key (id)
    )
Hibernate: 
    create table order_items (
        quantity integer not null,
        unit_price numeric(10,2) not null,
        created_at timestamp(6),
        id bigint generated by default as identity,
        order_id bigint not null,
        product_id bigint not null,
        updated_at timestamp(6),
        product_name varchar(200) not null,
        primary key (id)
    )
2026-01-17T08:55:26.577+08:00 DEBUG 48254 --- [ecommerce-demo] [           main] org.hibernate.SQL                        : 
    create table orders (
        total_amount numeric(10,2),
        created_at timestamp(6),
        id bigint generated by default as identity,
        updated_at timestamp(6),
        status varchar(20) not null check (status in ('PENDING','PAID','PROCESSING','SHIPPED','DELIVERED','COMPLETED','CANCELLED')),
        order_number varchar(50) not null unique,
        customer_name varchar(100) not null,
        customer_email varchar(200) not null,
        shipping_address varchar(500) not null,
        primary key (id)
    )
Hibernate: 
    create table orders (
        total_amount numeric(10,2),
        created_at timestamp(6),
        id bigint generated by default as identity,
        updated_at timestamp(6),
        status varchar(20) not null check (status in ('PENDING','PAID','PROCESSING','SHIPPED','DELIVERED','COMPLETED','CANCELLED')),
        order_number varchar(50) not null unique,
        customer_name varchar(100) not null,
        customer_email varchar(200) not null,
        shipping_address varchar(500) not null,
        primary key (id)
    )
2026-01-17T08:55:26.580+08:00 DEBUG 48254 --- [ecommerce-demo] [           main] org.hibernate.SQL                        : 
    create table products (
        active boolean,
        price numeric(10,2) not null,
        stock_quantity integer not null,
        category_id bigint,
        created_at timestamp(6),
        id bigint generated by default as identity,
        updated_at timestamp(6),
        name varchar(200) not null,
        image_url varchar(500),
        description TEXT,
        primary key (id)
    )
Hibernate: 
    create table products (
        active boolean,
        price numeric(10,2) not null,
        stock_quantity integer not null,
        category_id bigint,
        created_at timestamp(6),
        id bigint generated by default as identity,
        updated_at timestamp(6),
        name varchar(200) not null,
        image_url varchar(500),
        description TEXT,
        primary key (id)
    )
2026-01-17T08:55:26.580+08:00 DEBUG 48254 --- [ecommerce-demo] [           main] org.hibernate.SQL                        : 
    create index idx_product_name 
       on products (name)
Hibernate: 
    create index idx_product_name 
       on products (name)
2026-01-17T08:55:26.581+08:00 DEBUG 48254 --- [ecommerce-demo] [           main] org.hibernate.SQL                        : 
    create index idx_product_category 
       on products (category_id)
Hibernate: 
    create index idx_product_category 
       on products (category_id)
2026-01-17T08:55:26.581+08:00 DEBUG 48254 --- [ecommerce-demo] [           main] org.hibernate.SQL                        : 
    alter table if exists order_items 
       add constraint FKbioxgbv59vetrxe0ejfubep1w 
       foreign key (order_id) 
       references orders
Hibernate: 
    alter table if exists order_items 
       add constraint FKbioxgbv59vetrxe0ejfubep1w 
       foreign key (order_id) 
       references orders
2026-01-17T08:55:26.585+08:00 DEBUG 48254 --- [ecommerce-demo] [           main] org.hibernate.SQL                        : 
    alter table if exists order_items 
       add constraint FKocimc7dtr037rh4ls4l95nlfi 
       foreign key (product_id) 
       references products
Hibernate: 
    alter table if exists order_items 
       add constraint FKocimc7dtr037rh4ls4l95nlfi 
       foreign key (product_id) 
       references products
2026-01-17T08:55:26.585+08:00 DEBUG 48254 --- [ecommerce-demo] [           main] org.hibernate.SQL                        : 
    alter table if exists products 
       add constraint FKog2rp4qthbtt2lfyhfo32lsw9 
       foreign key (category_id) 
       references categories
Hibernate: 
    alter table if exists products 
       add constraint FKog2rp4qthbtt2lfyhfo32lsw9 
       foreign key (category_id) 
       references categories
2026-01-17T08:55:27.238+08:00 DEBUG 48254 --- [ecommerce-demo] [           main] org.hibernate.SQL                        : 
    insert 
    into
        categories
        (created_at, description, name, updated_at, id) 
    values
        (?, ?, ?, ?, default)
Hibernate: 
    insert 
    into
        categories
        (created_at, description, name, updated_at, id) 
    values
        (?, ?, ?, ?, default)
2026-01-17T08:55:27.248+08:00 DEBUG 48254 --- [ecommerce-demo] [           main] org.hibernate.SQL                        : 
    insert 
    into
        categories
        (created_at, description, name, updated_at, id) 
    values
        (?, ?, ?, ?, default)
Hibernate: 
    insert 
    into
        categories
        (created_at, description, name, updated_at, id) 
    values
        (?, ?, ?, ?, default)
2026-01-17T08:55:27.254+08:00 DEBUG 48254 --- [ecommerce-demo] [           main] org.hibernate.SQL                        : 
    insert 
    into
        products
        (active, category_id, created_at, description, image_url, name, price, stock_quantity, updated_at, id) 
    values
        (?, ?, ?, ?, ?, ?, ?, ?, ?, default)
Hibernate: 
    insert 
    into
        products
        (active, category_id, created_at, description, image_url, name, price, stock_quantity, updated_at, id) 
    values
        (?, ?, ?, ?, ?, ?, ?, ?, ?, default)
]]></system-out>
  </testcase>
  <testcase name="findById_WhenNotExists_ShouldReturnEmpty" classname="com.ecommerce.repository.ProductRepositoryTest$CrudOperationTests" time="0.014">
    <system-out><![CDATA[2026-01-17T08:55:27.289+08:00 DEBUG 48254 --- [ecommerce-demo] [           main] org.hibernate.SQL                        : 
    insert 
    into
        categories
        (created_at, description, name, updated_at, id) 
    values
        (?, ?, ?, ?, default)
Hibernate: 
    insert 
    into
        categories
        (created_at, description, name, updated_at, id) 
    values
        (?, ?, ?, ?, default)
2026-01-17T08:55:27.290+08:00 DEBUG 48254 --- [ecommerce-demo] [           main] org.hibernate.SQL                        : 
    insert 
    into
        categories
        (created_at, description, name, updated_at, id) 
    values
        (?, ?, ?, ?, default)
Hibernate: 
    insert 
    into
        categories
        (created_at, description, name, updated_at, id) 
    values
        (?, ?, ?, ?, default)
2026-01-17T08:55:27.300+08:00 DEBUG 48254 --- [ecommerce-demo] [           main] org.hibernate.SQL                        : 
    select
        p1_0.id,
        p1_0.active,
        p1_0.category_id,
        p1_0.created_at,
        p1_0.description,
        p1_0.image_url,
        p1_0.name,
        p1_0.price,
        p1_0.stock_quantity,
        p1_0.updated_at 
    from
        products p1_0 
    where
        p1_0.id=?
Hibernate: 
    select
        p1_0.id,
        p1_0.active,
        p1_0.category_id,
        p1_0.created_at,
        p1_0.description,
        p1_0.image_url,
        p1_0.name,
        p1_0.price,
        p1_0.stock_quantity,
        p1_0.updated_at 
    from
        products p1_0 
    where
        p1_0.id=?
]]></system-out>
  </testcase>
  <testcase name="save_ShouldGenerateId" classname="com.ecommerce.repository.ProductRepositoryTest$CrudOperationTests" time="0.006">
    <system-out><![CDATA[2026-01-17T08:55:27.305+08:00 DEBUG 48254 --- [ecommerce-demo] [           main] org.hibernate.SQL                        : 
    insert 
    into
        categories
        (created_at, description, name, updated_at, id) 
    values
        (?, ?, ?, ?, default)
Hibernate: 
    insert 
    into
        categories
        (created_at, description, name, updated_at, id) 
    values
        (?, ?, ?, ?, default)
2026-01-17T08:55:27.306+08:00 DEBUG 48254 --- [ecommerce-demo] [           main] org.hibernate.SQL                        : 
    insert 
    into
        categories
        (created_at, description, name, updated_at, id) 
    values
        (?, ?, ?, ?, default)
Hibernate: 
    insert 
    into
        categories
        (created_at, description, name, updated_at, id) 
    values
        (?, ?, ?, ?, default)
2026-01-17T08:55:27.307+08:00 DEBUG 48254 --- [ecommerce-demo] [           main] org.hibernate.SQL                        : 
    insert 
    into
        products
        (active, category_id, created_at, description, image_url, name, price, stock_quantity, updated_at, id) 
    values
        (?, ?, ?, ?, ?, ?, ?, ?, ?, default)
Hibernate: 
    insert 
    into
        products
        (active, category_id, created_at, description, image_url, name, price, stock_quantity, updated_at, id) 
    values
        (?, ?, ?, ?, ?, ?, ?, ?, ?, default)
]]></system-out>
  </testcase>
  <testcase name="delete_ShouldRemoveProduct" classname="com.ecommerce.repository.ProductRepositoryTest$CrudOperationTests" time="0.009">
    <system-out><![CDATA[2026-01-17T08:55:27.311+08:00 DEBUG 48254 --- [ecommerce-demo] [           main] org.hibernate.SQL                        : 
    insert 
    into
        categories
        (created_at, description, name, updated_at, id) 
    values
        (?, ?, ?, ?, default)
Hibernate: 
    insert 
    into
        categories
        (created_at, description, name, updated_at, id) 
    values
        (?, ?, ?, ?, default)
2026-01-17T08:55:27.312+08:00 DEBUG 48254 --- [ecommerce-demo] [           main] org.hibernate.SQL                        : 
    insert 
    into
        categories
        (created_at, description, name, updated_at, id) 
    values
        (?, ?, ?, ?, default)
Hibernate: 
    insert 
    into
        categories
        (created_at, description, name, updated_at, id) 
    values
        (?, ?, ?, ?, default)
2026-01-17T08:55:27.312+08:00 DEBUG 48254 --- [ecommerce-demo] [           main] org.hibernate.SQL                        : 
    insert 
    into
        products
        (active, category_id, created_at, description, image_url, name, price, stock_quantity, updated_at, id) 
    values
        (?, ?, ?, ?, ?, ?, ?, ?, ?, default)
Hibernate: 
    insert 
    into
        products
        (active, category_id, created_at, description, image_url, name, price, stock_quantity, updated_at, id) 
    values
        (?, ?, ?, ?, ?, ?, ?, ?, ?, default)
2026-01-17T08:55:27.316+08:00 DEBUG 48254 --- [ecommerce-demo] [           main] org.hibernate.SQL                        : 
    delete 
    from
        products 
    where
        id=?
Hibernate: 
    delete 
    from
        products 
    where
        id=?
2026-01-17T08:55:27.317+08:00 DEBUG 48254 --- [ecommerce-demo] [           main] org.hibernate.SQL                        : 
    select
        p1_0.id,
        p1_0.active,
        p1_0.category_id,
        p1_0.created_at,
        p1_0.description,
        p1_0.image_url,
        p1_0.name,
        p1_0.price,
        p1_0.stock_quantity,
        p1_0.updated_at 
    from
        products p1_0 
    where
        p1_0.id=?
Hibernate: 
    select
        p1_0.id,
        p1_0.active,
        p1_0.category_id,
        p1_0.created_at,
        p1_0.description,
        p1_0.image_url,
        p1_0.name,
        p1_0.price,
        p1_0.stock_quantity,
        p1_0.updated_at 
    from
        products p1_0 
    where
        p1_0.id=?
]]></system-out>
  </testcase>
</testsuite>